<?xml version="1.0" encoding="UTF-8"?>
<!-- Generated by org.testng.reporters.JUnitReportReporter -->
<testsuite hostname="Desktop-Marius" failures="0" tests="1" name="curs23.NavigationExample" time="12.622" errors="0" timestamp="2024-05-21T17:12:07 EEST" skipped="0">
  <testcase classname="curs23.NavigationExample" name="navigationTest" time="12.622"/>
  <system-out/>
</testsuite> <!-- curs23.NavigationExample -->
