<?xml version="1.0" encoding="UTF-8"?>
<!-- Generated by org.testng.reporters.JUnitReportReporter -->
<testsuite hostname="Desktop-Marius" failures="0" tests="1" name="curs23.ExplicitWaitExample" time="6.786" errors="0" timestamp="2024-05-21T17:57:41 EEST" skipped="0">
  <testcase classname="curs23.ExplicitWaitExample" name="explictitWaitExample" time="6.786"/>
  <system-out/>
</testsuite> <!-- curs23.ExplicitWaitExample -->
