<?xml version="1.0" encoding="UTF-8"?>
<!-- Generated by org.testng.reporters.JUnitReportReporter -->
<testsuite hostname="Desktop-Marius" failures="0" tests="8" name="curs19.SeleniumLocators" time="5.099" errors="0" timestamp="2024-05-10T16:46:10 EEST" skipped="0">
  <testcase classname="curs19.SeleniumLocators" name="tagNameLocator" time="0.053"/>
  <system-out/>
  <testcase classname="curs19.SeleniumLocators" name="linkTextLocator" time="0.673"/>
  <system-out/>
  <testcase classname="curs19.SeleniumLocators" name="partialLinkTextLocator" time="0.868"/>
  <system-out/>
  <testcase classname="curs19.SeleniumLocators" name="classNameLocator" time="0.061"/>
  <system-out/>
  <testcase classname="curs19.SeleniumLocators" name="idLocator" time="0.115"/>
  <system-out/>
  <testcase classname="curs19.SeleniumLocators" name="nameLocator" time="3.195"/>
  <system-out/>
  <testcase classname="curs19.SeleniumLocators" name="cssSelectorLocator" time="0.066"/>
  <system-out/>
  <testcase classname="curs19.SeleniumLocators" name="xPathLocator" time="0.068"/>
  <system-out/>
</testsuite> <!-- curs19.SeleniumLocators -->
