<?xml version="1.0" encoding="UTF-8"?>
<!-- Generated by org.testng.reporters.JUnitReportReporter -->
<testsuite hostname="Desktop-Marius" failures="0" tests="1" name="curs23.ShadowDomExample" time="3.534" errors="0" timestamp="2024-05-21T16:17:22 EEST" skipped="0">
  <testcase classname="curs23.ShadowDomExample" name="shadowDomExample" time="3.534"/>
  <system-out/>
</testsuite> <!-- curs23.ShadowDomExample -->
