<?xml version="1.0" encoding="UTF-8"?>
<!-- Generated by org.testng.reporters.JUnitReportReporter -->
<testsuite hostname="Desktop-Marius" failures="0" tests="1" name="curs20.RelativeLocators" time="0.619" errors="0" timestamp="2024-05-10T17:54:28 EEST" skipped="0">
  <testcase classname="curs20.RelativeLocators" name="relativeLocatorsExample" time="0.619"/>
  <system-out/>
</testsuite> <!-- curs20.RelativeLocators -->
