<?xml version="1.0" encoding="UTF-8"?>
<!-- Generated by org.testng.reporters.JUnitReportReporter -->
<testsuite hostname="Desktop-Marius" failures="0" tests="4" name="curs19.SeleniumLocators" time="1.477" errors="0" timestamp="2024-05-08T17:57:57 EEST" skipped="0">
  <testcase classname="curs19.SeleniumLocators" name="tagNameLocator" time="0.053"/>
  <system-out/>
  <testcase classname="curs19.SeleniumLocators" name="linkTextLocator" time="0.629"/>
  <system-out/>
  <testcase classname="curs19.SeleniumLocators" name="partialLinkTextLocator" time="0.738"/>
  <system-out/>
  <testcase classname="curs19.SeleniumLocators" name="classNameLocator" time="0.057"/>
  <system-out/>
</testsuite> <!-- curs19.SeleniumLocators -->
