<?xml version="1.0" encoding="UTF-8"?>
<!-- Generated by org.testng.reporters.JUnitReportReporter -->
<testsuite hostname="Desktop-Marius" failures="0" tests="3" name="curs23.AlertJsExample" time="13.593" errors="0" timestamp="2024-05-21T16:52:41 EEST" skipped="0">
  <testcase classname="curs23.AlertJsExample" name="simpleJsAlert" time="3.665"/>
  <system-out/>
  <testcase classname="curs23.AlertJsExample" name="confirmJsAlert" time="3.446"/>
  <system-out/>
  <testcase classname="curs23.AlertJsExample" name="promptJsAlert" time="6.482"/>
  <system-out/>
</testsuite> <!-- curs23.AlertJsExample -->
