<?xml version="1.0" encoding="UTF-8"?>
<!-- Generated by org.testng.reporters.JUnitReportReporter -->
<testsuite hostname="Desktop-Marius" failures="0" tests="2" name="curs18.BeforeAfterannotations" time="0.015" errors="0" timestamp="2024-04-30T17:16:49 EEST" skipped="0">
  <testcase classname="curs18.BeforeAfterannotations" name="test2" time="0.004"/>
  <system-out/>
  <testcase classname="curs18.BeforeAfterannotations" name="test1" time="0.011"/>
  <system-out/>
</testsuite> <!-- curs18.BeforeAfterannotations -->
